


ARM Macro Assembler    Page 1 


    1 00000000                 AREA             RESET, DATA, READONLY
    2 00000000                 EXPORT           __Vectors
    3 00000000         __Vectors
    4 00000000 10001000        DCD              0X10001000
    5 00000004 00000000        DCD              Reset_Handler
    6 00000008                 ALIGN
    7 00000008                 AREA             mycode, CODE, READONLY
    8 00000000                 ENTRY
    9 00000000                 EXPORT           Reset_Handler
   10 00000000         Reset_Handler
   11 00000000 4812            LDR              R0, =SRC    ; storing the addre
                                                            ss of src
   12 00000002 4913            LDR              R1, =DST    ; storing the addre
                                                            ss of dst
   13 00000004 F04F 020A       MOV              R2, #10     ; acting as a count
                                                            er..
   14 00000008 F1A0 0004       SUB              R0, #4      ; 
   15 0000000C F1A1 0104       SUB              R1, #4
   16 00000010 F850 3F04 
                       L1      LDR              R3, [R0,#4]! ; this is a loop a
                                                            nd [R0,#4]! is a wr
                                                            ite back function
   17 00000014 F841 3F04       STR              R3, [R1,#4]!
   18 00000018 F1A2 0201       SUB              R2, #1
   19 0000001C 2A00            CMP              R2, #0      ; comparing that th
                                                            e r2 is not zero
   20 0000001E D1F7            BNE              L1
   21 00000020         STOP
   22 00000020 E7FE            B                STOP
   23 00000022 00 00 0000000B 
              0000000C 
              0000000D 
              0000000E 
              0000000F 
              00000010 
              00000011 
              00000012 
              00000013 
              00000014 SRC     DCD              11,12,13,14,15,16,17,18,19,20 
                                                            ; 
   24 0000004C 00000000 
              00000000         AREA             mydata ,DATA, READWRITE
   25 00000000 00000000 
                       DST     DCD              0
   26 00000004                 END
Command Line: --debug --xref --cpu=Cortex-M3 --apcs=interwork --depend=.\lab_1_
q33.d -o.\lab_1_q33.o -IC:\Keil\ARM\RV31\INC -IC:\Keil\ARM\CMSIS\Include -IC:\K
eil\ARM\Inc\NXP\LPC17xx --predefine="__EVAL SETA 1" --list=.\lab_1_q33.lst LAB_
1_Q33.s



ARM Macro Assembler    Page 1 Alphabetic symbol ordering
Relocatable symbols

RESET 00000000

Symbol: RESET
   Definitions
      At line 1 in file LAB_1_Q33.s
   Uses
      None
Comment: RESET unused
__Vectors 00000000

Symbol: __Vectors
   Definitions
      At line 3 in file LAB_1_Q33.s
   Uses
      At line 2 in file LAB_1_Q33.s
Comment: __Vectors used once
2 symbols



ARM Macro Assembler    Page 1 Alphabetic symbol ordering
Relocatable symbols

L1 00000010

Symbol: L1
   Definitions
      At line 16 in file LAB_1_Q33.s
   Uses
      At line 20 in file LAB_1_Q33.s
Comment: L1 used once
Reset_Handler 00000000

Symbol: Reset_Handler
   Definitions
      At line 10 in file LAB_1_Q33.s
   Uses
      At line 5 in file LAB_1_Q33.s
      At line 9 in file LAB_1_Q33.s

SRC 00000024

Symbol: SRC
   Definitions
      At line 23 in file LAB_1_Q33.s
   Uses
      At line 11 in file LAB_1_Q33.s
Comment: SRC used once
STOP 00000020

Symbol: STOP
   Definitions
      At line 21 in file LAB_1_Q33.s
   Uses
      At line 22 in file LAB_1_Q33.s
Comment: STOP used once
mycode 00000000

Symbol: mycode
   Definitions
      At line 7 in file LAB_1_Q33.s
   Uses
      None
Comment: mycode unused
5 symbols



ARM Macro Assembler    Page 1 Alphabetic symbol ordering
Relocatable symbols

DST 00000000

Symbol: DST
   Definitions
      At line 25 in file LAB_1_Q33.s
   Uses
      At line 12 in file LAB_1_Q33.s
Comment: DST used once
mydata 00000000

Symbol: mydata
   Definitions
      At line 24 in file LAB_1_Q33.s
   Uses
      None
Comment: mydata unused
2 symbols
342 symbols in table
